"D:/Unreal-gb/Tankogeddon/Content/CSC/Textures/T_Tank_OcclusionRoughnessMetallic.uasset" 0
"D:/Unreal-gb/Tankogeddon/Content/CSC/Textures/T_Tank_Normal.uasset" 1
"D:/Unreal-gb/Tankogeddon/Content/CSC/Textures/T_Tank_Emissive.uasset" 2
"D:/Unreal-gb/Tankogeddon/Content/CSC/Textures/T_Tank_BaseColor.uasset" 3
"D:/Unreal-gb/Tankogeddon/Content/CSC/Materials/M_Tank.uasset" 4
"D:/Unreal-gb/Tankogeddon/Content/CSC/Meshes/SM_CSC_Gun6.uasset" 5
"D:/Unreal-gb/Tankogeddon/Content/CSC/Meshes/SM_TANK_Base1.uasset" 6
"D:/Unreal-gb/Tankogeddon/Content/BP_TankPawn.uasset" 7
"D:/Unreal-gb/Tankogeddon/Content/CSC/Meshes/TANK_Base1_Skeleton.uasset" 8
"D:/Unreal-gb/Tankogeddon/Content/CSC/Animations/Anim_TANK_Base1_Dead1.uasset" 9
"D:/Unreal-gb/Tankogeddon/Content/CSC/Animations/TANK_Base1_Dead1.uasset" 10
"D:/Unreal-gb/Tankogeddon/Content/CSC/Animations/Anim_TANK_Base1_Dead2.uasset" 11
"D:/Unreal-gb/Tankogeddon/Content/CSC/Animations/TANK_Base1_Dead2.uasset" 12
"D:/Unreal-gb/Tankogeddon/Content/CSC/Animations/Anim_TANK_Base1_Idle.uasset" 13
"D:/Unreal-gb/Tankogeddon/Content/CSC/Animations/TANK_Base1_Idle.uasset" 14
"D:/Unreal-gb/Tankogeddon/Content/CSC/Animations/Anim_TANK_Base1_Move_Anim.uasset" 15
"D:/Unreal-gb/Tankogeddon/Content/CSC/Animations/TANK_Base1_Move_Anim.uasset" 16
"D:/Unreal-gb/Tankogeddon/Content/CSC/Meshes/CSC_Base1_PhysicsAsset.uasset" 17
"D:/Unreal-gb/Tankogeddon/Content/CSC/Textures/T_ACS17_unreal_Normal.uasset" 18
"D:/Unreal-gb/Tankogeddon/Content/CSC/Textures/T_ACS17_OcclusionRoughnessMetallic.uasset" 19
"D:/Unreal-gb/Tankogeddon/Content/CSC/Textures/T_ACS17_BaseColor.uasset" 20
"D:/Unreal-gb/Tankogeddon/Content/CSC/Materials/M_CSC.uasset" 21
"D:/Unreal-gb/Tankogeddon/Content/CSC/Meshes/CSC_Base1_Skeleton.uasset" 22
"D:/Unreal-gb/Tankogeddon/Content/CSC/Meshes/SK_CSC_Base1.uasset" 23
"D:/Unreal-gb/Tankogeddon/Content/CSC/Demo/Sounds/unitDead.uasset" 24
"../../../Engine/Content/EngineMaterials/T_Default_Material_Grid_N.uasset" 25
"../../../Engine/Content/EngineMaterials/T_Default_Material_Grid_M.uasset" 26
"../../../Engine/Content/Functions/Engine_MaterialFunctions01/Opacity/CameraDepthFade.uasset" 27
"../../../Engine/Content/EngineMaterials/WorldGridMaterial.uasset" 28
"../../../Engine/Content/BasicShapes/Plane.uasset" 29
"D:/Unreal-gb/Tankogeddon/Content/CSC/Materials/M_RLV_Glass.uasset" 30
"../../../Engine/Content/EditorBlueprintResources/StandardMacros.uasset" 31
"D:/Unreal-gb/Tankogeddon/Content/CSC/Animations/Anim_CSC_Base1_Dead1.uasset" 32
"D:/Unreal-gb/Tankogeddon/Content/CSC/Animations/Anim_CSC_Base1_Dead2.uasset" 33
"D:/Unreal-gb/Tankogeddon/Content/CSC/Animations/Anim_CSC_Base1_Dead3.uasset" 34
"D:/Unreal-gb/Tankogeddon/Content/CSC/Animations/Anim_CSC_Base1_Dead4.uasset" 35
"D:/Unreal-gb/Tankogeddon/Content/CSC/Demo/Sounds/robo35_step.uasset" 36
"D:/Unreal-gb/Tankogeddon/Content/CSC/Animations/Anim_CSC_Base1_Move.uasset" 37
"D:/Unreal-gb/Tankogeddon/Content/CSC/Animations/Anim_CSC_Base1_Idle.uasset" 38
"D:/Unreal-gb/Tankogeddon/Content/CSC/Animations/Anim_CSC_Base1_MoveWheel.uasset" 39
"D:/Unreal-gb/Tankogeddon/Content/CSC/Demo/Blueprints/Anomations/BP_Anim_Base1.uasset" 40
"D:/Unreal-gb/Tankogeddon/Content/CSC/Demo/Materials/M_Bullet.uasset" 41
"../../../Engine/Content/EngineMaterials/DefaultMaterial.uasset" 42
"../../../Engine/Content/BasicShapes/Sphere.uasset" 43
"D:/Unreal-gb/Tankogeddon/Content/CSC/Demo/Sounds/bum_sm_3.uasset" 44
"D:/Unreal-gb/Tankogeddon/Content/CSC/Demo/Blueprints/BP_Bullet.uasset" 45
"D:/Unreal-gb/Tankogeddon/Content/CSC/Demo/Blueprints/BP_Weapon_Control.uasset" 46
"D:/Unreal-gb/Tankogeddon/Content/CSC/Demo/Particles/Texrures/T_Smoke_Tiled_D.uasset" 47
"D:/Unreal-gb/Tankogeddon/Content/CSC/Demo/Particles/Texrures/T_Smoke_SubUV.uasset" 48
"D:/Unreal-gb/Tankogeddon/Content/CSC/Demo/Particles/Materials/M_smoke_subUV.uasset" 49
"D:/Unreal-gb/Tankogeddon/Content/CSC/Demo/Particles/P_Smoke.uasset" 50
"../../../Engine/Content/Functions/Engine_MaterialFunctions01/Gradient/RadialGradient.uasset" 51
"D:/Unreal-gb/Tankogeddon/Content/CSC/Demo/Particles/Materials/M_radial_ramp.uasset" 52
"D:/Unreal-gb/Tankogeddon/Content/CSC/Demo/Particles/Materials/m_flare_01.uasset" 53
"D:/Unreal-gb/Tankogeddon/Content/CSC/Demo/Particles/Texrures/T_Explosion_SubUV.uasset" 54
"D:/Unreal-gb/Tankogeddon/Content/CSC/Demo/Particles/Materials/M_explosion_subUV.uasset" 55
"D:/Unreal-gb/Tankogeddon/Content/CSC/Demo/Particles/Texrures/T_Burst_M.uasset" 56
"D:/Unreal-gb/Tankogeddon/Content/CSC/Demo/Particles/Materials/M_Burst.uasset" 57
"D:/Unreal-gb/Tankogeddon/Content/CSC/Demo/Particles/P_Explosion.uasset" 58
"D:/Unreal-gb/Tankogeddon/Content/CSC/Demo/Blueprints/BP_Chassis_Data.uasset" 59
"D:/Unreal-gb/Tankogeddon/Content/CSC/Demo/Blueprints/Parts/BP_Chassis1.uasset" 60
"D:/Unreal-gb/Tankogeddon/Content/CSC/Blueprints/BP_Unit.uasset" 61
"D:/Unreal-gb/Tankogeddon/Content/CSC/Demo/Blueprints/BP_Unit_Data.uasset" 62
"D:/Unreal-gb/Tankogeddon/Content/CSC/Demo/Blueprints/BP_Controller.uasset" 63
"D:/Unreal-gb/Tankogeddon/Content/CSC/Demo/Blueprints/BP_GameMode.uasset" 64
"D:/Unreal-gb/Tankogeddon/Content/CSC/Demo/Blueprints/NewBlueprint.uasset" 65
"D:/Unreal-gb/Tankogeddon/Content/CSC/Demo/Particles/Texrures/T_Fire_Tiled_D.uasset" 66
"D:/Unreal-gb/Tankogeddon/Content/CSC/Demo/Particles/Texrures/T_Fire_SubUV.uasset" 67
"D:/Unreal-gb/Tankogeddon/Content/CSC/Demo/Particles/Materials/M_Fire_SubUV.uasset" 68
"D:/Unreal-gb/Tankogeddon/Content/CSC/Demo/Particles/Texrures/T_LandUnderWater_baseColor.uasset" 69
"D:/Unreal-gb/Tankogeddon/Content/CSC/Demo/Particles/Texrures/T_LandUnderWater_normal.uasset" 70
"D:/Unreal-gb/Tankogeddon/Content/CSC/Demo/Particles/Texrures/T_noise.uasset" 71
"D:/Unreal-gb/Tankogeddon/Content/CSC/Demo/Sounds/gun0.uasset" 72
"D:/Unreal-gb/Tankogeddon/Content/CSC/Maps/LevelContent/Architecture/M_1Meter_01.uasset" 73
"../../../Engine/Content/Functions/Engine_MaterialFunctions01/Density/ExponentialDensity.uasset" 74
"../../../Engine/Content/Functions/Engine_MaterialFunctions01/Gradient/RadialGradientExponential.uasset" 75
"D:/Unreal-gb/Tankogeddon/Content/CSC/Maps/LevelContent/Architecture/M_CycRoom_01.uasset" 76
"D:/Unreal-gb/Tankogeddon/Content/CSC/Maps/LevelContent/Architecture/M_CycWall_01.uasset" 77
"D:/Unreal-gb/Tankogeddon/Content/CSC/Maps/LevelContent/Architecture/SM_1Meter_01.uasset" 78
"D:/Unreal-gb/Tankogeddon/Content/CSC/Maps/LevelContent/Architecture/SM_CycRoom_01.uasset" 79
"D:/Unreal-gb/Tankogeddon/Content/CSC/Maps/LevelContent/Architecture/T_MeterGrid_01_M.uasset" 80
"D:/Unreal-gb/Tankogeddon/Content/CSC/Textures/Mobile_textures/T_ACS18_Normal_mobile.uasset" 81
"D:/Unreal-gb/Tankogeddon/Content/CSC/Textures/Mobile_textures/T_ACS18_BaseColor_mobile.uasset" 82
"D:/Unreal-gb/Tankogeddon/Content/CSC/Materials/Mobile_materials/M_ACS18_mobile.uasset" 83
"D:/Unreal-gb/Tankogeddon/Content/CSC/Textures/Mobile_textures/T_CSC_Gauss_Normal_mobile.uasset" 84
"D:/Unreal-gb/Tankogeddon/Content/CSC/Textures/Mobile_textures/T_CSC_Gauss_BaseColor_mobile.uasset" 85
"D:/Unreal-gb/Tankogeddon/Content/CSC/Materials/Mobile_materials/M_CSC_GaussGun_mobile.uasset" 86
"D:/Unreal-gb/Tankogeddon/Content/CSC/Textures/Mobile_textures/T_mobile_ACS_17_Normal.uasset" 87
"D:/Unreal-gb/Tankogeddon/Content/CSC/Textures/Mobile_textures/T_mobile_ACS_17_BaseColor.uasset" 88
"D:/Unreal-gb/Tankogeddon/Content/CSC/Materials/Mobile_materials/M_CSC_mobile.uasset" 89
"D:/Unreal-gb/Tankogeddon/Content/CSC/Textures/Mobile_textures/T_LGT_Normal_mobile.uasset" 90
"D:/Unreal-gb/Tankogeddon/Content/CSC/Textures/Mobile_textures/T_LGT_BaseColor_mobile.uasset" 91
"D:/Unreal-gb/Tankogeddon/Content/CSC/Materials/Mobile_materials/M_LGT_mobile.uasset" 92
"D:/Unreal-gb/Tankogeddon/Content/CSC/Textures/T_LGT_Tracks_Normal.uasset" 93
"D:/Unreal-gb/Tankogeddon/Content/CSC/Textures/T_LGT_Tracks_BaseColor.uasset" 94
"D:/Unreal-gb/Tankogeddon/Content/CSC/Materials/Mobile_materials/M_LGT_Tracks_mobile.uasset" 95
"D:/Unreal-gb/Tankogeddon/Content/CSC/Textures/Mobile_textures/T_RLV_Normal_mobile.uasset" 96
"D:/Unreal-gb/Tankogeddon/Content/CSC/Textures/Mobile_textures/T_RLV_BaseColor_mobile.uasset" 97
"D:/Unreal-gb/Tankogeddon/Content/CSC/Materials/Mobile_materials/M_RLV_mobile.uasset" 98
"D:/Unreal-gb/Tankogeddon/Content/CSC/Textures/Mobile_textures/T_Tank_Normal_mobile.uasset" 99
"D:/Unreal-gb/Tankogeddon/Content/CSC/Textures/Mobile_textures/T_Tank_BaseColor_mobile.uasset" 100
"D:/Unreal-gb/Tankogeddon/Content/CSC/Materials/Mobile_materials/M_Tank_mobile.uasset" 101
"D:/Unreal-gb/Tankogeddon/Content/CSC/Textures/Mobile_textures/T_Tower_Normal_mobile.uasset" 102
"D:/Unreal-gb/Tankogeddon/Content/CSC/Textures/Mobile_textures/T_Tower_BaseColor_mobile.uasset" 103
"D:/Unreal-gb/Tankogeddon/Content/CSC/Materials/Mobile_materials/M_Tower_mobile.uasset" 104
"D:/Unreal-gb/Tankogeddon/Content/CSC/Meshes/CSC_Gun6_PhysicsAsset.uasset" 105
"D:/Unreal-gb/Tankogeddon/Content/CSC/Meshes/CSC_Gun6_Skeleton.uasset" 106
"D:/Unreal-gb/Tankogeddon/Content/CSC/Meshes/SK_CSC_Gun6.uasset" 107
"D:/Unreal-gb/Tankogeddon/Content/CSC/Meshes/CSC_Gun6.uasset" 108
"D:/Unreal-gb/Tankogeddon/Content/CSC/Meshes/TANK_Base1_PhysicsAsset.uasset" 109
"D:/Unreal-gb/Tankogeddon/Content/CSC/Meshes/SK_TANK_Base1.uasset" 110
"D:/Unreal-gb/Tankogeddon/Content/CSC/Meshes/TANK_Base1.uasset" 111
"D:/Unreal-gb/Tankogeddon/Content/CSC/Meshes/TANK_Base1_Idle.uasset" 112
"D:/Unreal-gb/Tankogeddon/Content/StarterContent/Materials/M_Basic_Wall.uasset" 113
"D:/Unreal-gb/Tankogeddon/Content/StarterContent/Architecture/Pillar_50x500.uasset" 114
"D:/Unreal-gb/Tankogeddon/Content/StarterContent/Architecture/Wall_400x300.uasset" 115
"D:/Unreal-gb/Tankogeddon/Content/StarterContent/Architecture/Wall_400x400.uasset" 116
"D:/Unreal-gb/Tankogeddon/Content/StarterContent/Architecture/Wall_500x500.uasset" 117
"D:/Unreal-gb/Tankogeddon/Content/StarterContent/Architecture/Wall_Door_400x400.uasset" 118
"D:/Unreal-gb/Tankogeddon/Content/StarterContent/Architecture/Wall_Window_400x400.uasset" 119
"D:/Unreal-gb/Tankogeddon/Content/StarterContent/Audio/Collapse01.uasset" 120
"D:/Unreal-gb/Tankogeddon/Content/StarterContent/Audio/Collapse02.uasset" 121
"D:/Unreal-gb/Tankogeddon/Content/StarterContent/Audio/Fire01.uasset" 122
"D:/Unreal-gb/Tankogeddon/Content/StarterContent/Audio/Fire_Sparks01.uasset" 123
"D:/Unreal-gb/Tankogeddon/Content/StarterContent/Audio/Light01.uasset" 124
"D:/Unreal-gb/Tankogeddon/Content/StarterContent/Audio/Light01_Cue.uasset" 125
"D:/Unreal-gb/Tankogeddon/Content/StarterContent/Audio/Light02.uasset" 126
"D:/Unreal-gb/Tankogeddon/Content/StarterContent/Audio/Light02_Cue.uasset" 127
"D:/Unreal-gb/Tankogeddon/Content/StarterContent/Audio/Smoke01.uasset" 128
"D:/Unreal-gb/Tankogeddon/Content/StarterContent/Audio/Starter_Birds01.uasset" 129
"D:/Unreal-gb/Tankogeddon/Content/StarterContent/Audio/Starter_Music01.uasset" 130
"D:/Unreal-gb/Tankogeddon/Content/StarterContent/Audio/Starter_Wind05.uasset" 131
"D:/Unreal-gb/Tankogeddon/Content/StarterContent/Audio/Starter_Wind06.uasset" 132
"D:/Unreal-gb/Tankogeddon/Content/StarterContent/Audio/Steam01.uasset" 133
"D:/Unreal-gb/Tankogeddon/Content/StarterContent/Textures/T_Smoke_Tiled_D.uasset" 134
"D:/Unreal-gb/Tankogeddon/Content/StarterContent/Textures/T_Smoke_SubUV.uasset" 135
"D:/Unreal-gb/Tankogeddon/Content/StarterContent/Particles/Materials/M_smoke_subUV.uasset" 136
"D:/Unreal-gb/Tankogeddon/Content/StarterContent/Particles/Materials/M_radial_ramp.uasset" 137
"D:/Unreal-gb/Tankogeddon/Content/StarterContent/Particles/Materials/m_flare_01.uasset" 138
"D:/Unreal-gb/Tankogeddon/Content/StarterContent/Textures/T_Explosion_SubUV.uasset" 139
"D:/Unreal-gb/Tankogeddon/Content/StarterContent/Particles/Materials/M_explosion_subUV.uasset" 140
"D:/Unreal-gb/Tankogeddon/Content/StarterContent/Textures/T_Burst_M.uasset" 141
"D:/Unreal-gb/Tankogeddon/Content/StarterContent/Particles/Materials/M_Burst.uasset" 142
"D:/Unreal-gb/Tankogeddon/Content/StarterContent/Particles/P_Explosion.uasset" 143
"D:/Unreal-gb/Tankogeddon/Content/StarterContent/Audio/Explosion_Cue.uasset" 144
"D:/Unreal-gb/Tankogeddon/Content/StarterContent/Blueprints/Blueprint_Effect_Explosion.uasset" 145
"../../../Engine/Content/EditorMeshes/ColorCalibrator/T_ColorGrid.uasset" 146
"D:/Unreal-gb/Tankogeddon/Content/StarterContent/Materials/M_ColorGrid_LowSpec.uasset" 147
"D:/Unreal-gb/Tankogeddon/Content/StarterContent/Textures/T_Bush_N.uasset" 148
"D:/Unreal-gb/Tankogeddon/Content/StarterContent/Textures/T_Bush_D.uasset" 149
"D:/Unreal-gb/Tankogeddon/Content/StarterContent/Props/Materials/M_Bush.uasset" 150
"D:/Unreal-gb/Tankogeddon/Content/StarterContent/Props/SM_Bush.uasset" 151
"D:/Unreal-gb/Tankogeddon/Content/StarterContent/Textures/T_Chair_N.uasset" 152
"D:/Unreal-gb/Tankogeddon/Content/StarterContent/Textures/T_Chair_M.uasset" 153
"D:/Unreal-gb/Tankogeddon/Content/StarterContent/Props/Materials/M_Chair.uasset" 154
"D:/Unreal-gb/Tankogeddon/Content/StarterContent/Props/SM_Couch.uasset" 155
"D:/Unreal-gb/Tankogeddon/Content/StarterContent/Materials/M_Glass.uasset" 156
"D:/Unreal-gb/Tankogeddon/Content/StarterContent/Textures/T_Door_N.uasset" 157
"D:/Unreal-gb/Tankogeddon/Content/StarterContent/Textures/T_Door_M.uasset" 158
"D:/Unreal-gb/Tankogeddon/Content/StarterContent/Props/Materials/M_Door.uasset" 159
"D:/Unreal-gb/Tankogeddon/Content/StarterContent/Props/SM_Door.uasset" 160
"D:/Unreal-gb/Tankogeddon/Content/StarterContent/Props/Materials/M_MaterialSphere_Plain.uasset" 161
"D:/Unreal-gb/Tankogeddon/Content/StarterContent/Props/Materials/M_MaterialSphere.uasset" 162
"D:/Unreal-gb/Tankogeddon/Content/StarterContent/Props/SM_MatPreviewMesh_02.uasset" 163
"D:/Unreal-gb/Tankogeddon/Content/StarterContent/Textures/T_RockMesh_N.uasset" 164
"D:/Unreal-gb/Tankogeddon/Content/StarterContent/Textures/T_RockMesh_M.uasset" 165
"D:/Unreal-gb/Tankogeddon/Content/StarterContent/Textures/T_Detail_Rocky_N.uasset" 166
"D:/Unreal-gb/Tankogeddon/Content/StarterContent/Textures/T_Rock_Basalt_D.uasset" 167
"../../../Engine/Content/Functions/Engine_MaterialFunctions02/Utility/BlendAngleCorrectedNormals.uasset" 168
"D:/Unreal-gb/Tankogeddon/Content/StarterContent/Props/Materials/M_Rock.uasset" 169
"D:/Unreal-gb/Tankogeddon/Content/StarterContent/Props/SM_Rock.uasset" 170
"D:/Unreal-gb/Tankogeddon/Content/StarterContent/Textures/T_Shelf_N.uasset" 171
"D:/Unreal-gb/Tankogeddon/Content/StarterContent/Textures/T_Shelf_M.uasset" 172
"D:/Unreal-gb/Tankogeddon/Content/StarterContent/Props/Materials/M_Shelf.uasset" 173
"D:/Unreal-gb/Tankogeddon/Content/StarterContent/Props/SM_Shelf.uasset" 174
"D:/Unreal-gb/Tankogeddon/Content/StarterContent/Materials/M_Basic_Floor.uasset" 175
"D:/Unreal-gb/Tankogeddon/Content/StarterContent/Props/SM_Stairs.uasset" 176
"D:/Unreal-gb/Tankogeddon/Content/StarterContent/Shapes/Shape_Cone.uasset" 177
"D:/Unreal-gb/Tankogeddon/Content/StarterContent/Shapes/Shape_Cylinder.uasset" 178
"D:/Unreal-gb/Tankogeddon/Content/StarterContent/Shapes/Shape_NarrowCapsule.uasset" 179
"D:/Unreal-gb/Tankogeddon/Content/StarterContent/Shapes/Shape_Pipe.uasset" 180
"D:/Unreal-gb/Tankogeddon/Content/StarterContent/Shapes/Shape_Pipe_180.uasset" 181
"D:/Unreal-gb/Tankogeddon/Content/StarterContent/Shapes/Shape_Pipe_90.uasset" 182
"D:/Unreal-gb/Tankogeddon/Content/StarterContent/Shapes/Shape_Plane.uasset" 183
"D:/Unreal-gb/Tankogeddon/Content/StarterContent/Shapes/Shape_Torus.uasset" 184
"D:/Unreal-gb/Tankogeddon/Content/StarterContent/Shapes/Shape_Trim.uasset" 185
"D:/Unreal-gb/Tankogeddon/Content/StarterContent/Shapes/Shape_Trim_90_In.uasset" 186
"D:/Unreal-gb/Tankogeddon/Content/StarterContent/Shapes/Shape_Trim_90_Out.uasset" 187
"D:/Unreal-gb/Tankogeddon/Content/StarterContent/Shapes/Shape_TriPyramid.uasset" 188
"D:/Unreal-gb/Tankogeddon/Content/StarterContent/Shapes/Shape_Tube.uasset" 189
"D:/Unreal-gb/Tankogeddon/Content/StarterContent/Shapes/Shape_Wedge_A.uasset" 190
"D:/Unreal-gb/Tankogeddon/Content/StarterContent/Shapes/Shape_Wedge_B.uasset" 191
"D:/Unreal-gb/Tankogeddon/Content/StarterContent/Shapes/Shape_WideCapsule.uasset" 192
"../../../Engine/Content/BasicShapes/Cylinder.uasset" 193
"../../../Engine/Content/EngineMeshes/Sphere.uasset" 194
"D:/Unreal-gb/Tankogeddon/Content/StarterContent/Textures/T_MacroVariation.uasset" 195
"D:/Unreal-gb/Tankogeddon/Content/StarterContent/Textures/T_Metal_Steel_N.uasset" 196
"D:/Unreal-gb/Tankogeddon/Content/StarterContent/Textures/T_Metal_Steel_D.uasset" 197
"D:/Unreal-gb/Tankogeddon/Content/StarterContent/Materials/M_Metal_Steel.uasset" 198
"D:/Unreal-gb/Tankogeddon/Content/Tanks_Blueprints/BP_Projectile.uasset" 199
"D:/Unreal-gb/Tankogeddon/Content/StarterContent/Audio/Explosion02.uasset" 200
"D:/Unreal-gb/Tankogeddon/Content/Tanks_Blueprints/BP_ProjactileCannon.uasset" 201
"D:/Unreal-gb/Tankogeddon/Content/Tanks_Blueprints/BP_TankPawn.uasset" 202
"D:/Unreal-gb/Tankogeddon/Content/CSC/Textures/T_ACS18_OcclusionRoughnessMetallic.uasset" 203
"D:/Unreal-gb/Tankogeddon/Content/CSC/Textures/T_ACS18_Normal.uasset" 204
"D:/Unreal-gb/Tankogeddon/Content/CSC/Textures/T_ACS18_Emissive.uasset" 205
"D:/Unreal-gb/Tankogeddon/Content/CSC/Textures/T_ACS18_BaseColor.uasset" 206
"D:/Unreal-gb/Tankogeddon/Content/CSC/Materials/M_ACS18.uasset" 207
"D:/Unreal-gb/Tankogeddon/Content/CSC/Meshes/SM_CSC_Gun1.uasset" 208
"D:/Unreal-gb/Tankogeddon/Content/CSC/Textures/T_Tower_OcclusionRoughnessMetallic.uasset" 209
"D:/Unreal-gb/Tankogeddon/Content/CSC/Textures/T_Tower_Normal.uasset" 210
"D:/Unreal-gb/Tankogeddon/Content/CSC/Textures/T_Tower_Emissive.uasset" 211
"D:/Unreal-gb/Tankogeddon/Content/CSC/Textures/T_Tower_BaseColor.uasset" 212
"D:/Unreal-gb/Tankogeddon/Content/CSC/Materials/M_Tower.uasset" 213
"D:/Unreal-gb/Tankogeddon/Content/CSC/Meshes/SM_CSC_Tower1.uasset" 214
"D:/Unreal-gb/Tankogeddon/Content/Tanks_Blueprints/BP_Turret.uasset" 215
"../../../Engine/Content/Animation/DefaultAnimBoneCompressionSettings.uasset" 216
"../../../Engine/Content/Animation/DefaultAnimCurveCompressionSettings.uasset" 217
"../../../Engine/Content/ArtTools/RenderToTexture/Meshes/S_1_Unit_Plane.uasset" 218
"../../../Engine/Content/EditorLandscapeResources/DataLayer.uasset" 219
"../../../Engine/Content/EditorLandscapeResources/DefaultAlphaTexture.uasset" 220
"../../../Engine/Content/EditorMaterials/MAT_Groups_Toggle.uasset" 221
"../../../Engine/Content/EditorMaterials/MAT_Groups_Visibility.uasset" 222
"../../../Engine/Content/EditorMaterials/PreviewShadowIndicator.uasset" 223
"../../../Engine/Content/EditorMaterials/PreviewShadowIndicatorMaterial.uasset" 224
"../../../Engine/Content/EditorMaterials/MatineeGroups/MAT_ColorTrack.uasset" 225
"../../../Engine/Content/EditorMaterials/MatineeGroups/MAT_Groups_Anim.uasset" 226
"../../../Engine/Content/EditorMaterials/MatineeGroups/MAT_Groups_AudioMaster.uasset" 227
"../../../Engine/Content/EditorMaterials/MatineeGroups/MAT_Groups_Director.uasset" 228
"../../../Engine/Content/EditorMaterials/MatineeGroups/MAT_Groups_Event.uasset" 229
"../../../Engine/Content/EditorMaterials/MatineeGroups/MAT_Groups_Fade.uasset" 230
"../../../Engine/Content/EditorMaterials/MatineeGroups/MAT_Groups_Float.uasset" 231
"../../../Engine/Content/EditorMaterials/MatineeGroups/MAT_Groups_Move.uasset" 232
"../../../Engine/Content/EditorMaterials/MatineeGroups/MAT_Groups_Slomo.uasset" 233
"../../../Engine/Content/EditorMaterials/MatineeGroups/MAT_Groups_Sound.uasset" 234
"../../../Engine/Content/EditorMaterials/MatineeGroups/MAT_Groups_Vector.uasset" 235
"../../../Engine/Content/EditorMaterials/ParticleSystems/PSysThumbnail_NoImage.uasset" 236
"../../../Engine/Content/EditorMaterials/ParticleSystems/PSysThumbnail_OOD.uasset" 237
"../../../Engine/Content/EditorMaterials/Camera/CineMat.uasset" 238
"../../../Engine/Content/EditorMaterials/Camera/MI_CineMat_Rig.uasset" 239
"../../../Engine/Content/EditorMeshes/Camera/SM_CraneRig_Arm.uasset" 240
"../../../Engine/Content/EditorMeshes/Camera/SM_CraneRig_Base.uasset" 241
"../../../Engine/Content/EditorMeshes/Camera/SM_CraneRig_Body.uasset" 242
"../../../Engine/Content/EditorMeshes/Camera/SM_CraneRig_Mount.uasset" 243
"../../../Engine/Content/EditorMeshes/Camera/SM_RailRig_Mount.uasset" 244
"../../../Engine/Content/EditorMeshes/Camera/SM_RailRig_Track.uasset" 245
"../../../Engine/Content/EditorResources/BSPVertex.uasset" 246
"../../../Engine/Content/EditorResources/EmptyActor.uasset" 247
"../../../Engine/Content/EditorResources/S_Actor.uasset" 248
"../../../Engine/Content/EditorResources/S_Note.uasset" 249
"../../../Engine/Content/EditorResources/S_Solver.uasset" 250
"../../../Engine/Content/EditorResources/S_Terrain.uasset" 251
"../../../Engine/Content/EditorResources/S_Trigger.uasset" 252
"../../../Engine/Content/EditorResources/AudioIcons/S_AudioComponent.uasset" 253
"../../../Engine/Content/EditorResources/AudioIcons/S_AudioComponent_AutoActivate.uasset" 254
"../../../Engine/Content/EditorResources/LightIcons/S_LightError.uasset" 255
"../../../Engine/Content/EditorResources/SequenceRecorder/Countdown.uasset" 256
"../../../Engine/Content/EditorResources/SequenceRecorder/RecordingIndicator.uasset" 257
"../../../Engine/Content/EngineDamageTypes/DmgTypeBP_Environmental.uasset" 258
"../../../Engine/Content/EngineDebugMaterials/DebugEditorMaterial.uasset" 259
"../../../Engine/Content/EngineDebugMaterials/DebugMeshMaterial.uasset" 260
"../../../Engine/Content/EngineDebugMaterials/M_SimpleUnlitTranslucent.uasset" 261
"../../../Engine/Content/EngineDebugMaterials/VolumeToRender.uasset" 262
"../../../Engine/Content/Functions/Engine_MaterialFunctions02/Utility/CameraDirectionVector.uasset" 263
"../../../Engine/Content/EngineDebugMaterials/M_VolumeRenderSphereTracePP.uasset" 264
"../../../Engine/Content/Functions/Engine_MaterialFunctions01/Shading/ConvertFromDiffSpec.uasset" 265
"../../../Engine/Content/EngineDebugMaterials/VertexColorMaterial.uasset" 266
"../../../Engine/Content/EngineDebugMaterials/WireframeMaterial.uasset" 267
"../../../Engine/Content/EngineFonts/Faces/RobotoRegular.uasset" 268
"../../../Engine/Content/EngineFonts/Faces/RobotoLight.uasset" 269
"../../../Engine/Content/EngineFonts/Faces/RobotoItalic.uasset" 270
"../../../Engine/Content/EngineFonts/Faces/RobotoBoldItalic.uasset" 271
"../../../Engine/Content/EngineFonts/Faces/RobotoBold.uasset" 272
"../../../Engine/Content/EngineFonts/Faces/DroidSansFallback.uasset" 273
"../../../Engine/Content/EngineFonts/Roboto.uasset" 274
"../../../Engine/Content/EngineMaterials/BaseFlattenNormalMap.uasset" 275
"../../../Engine/Content/EngineMaterials/BaseFlattenGrayscaleMap.uasset" 276
"../../../Engine/Content/EngineMaterials/BaseFlattenEmissiveMap.uasset" 277
"../../../Engine/Content/EngineMaterials/BaseFlattenDiffuseMap.uasset" 278
"../../../Engine/Content/EngineMaterials/BaseFlattenMaterial.uasset" 279
"../../../Engine/Content/EngineMaterials/BlueNoise.uasset" 280
"../../../Engine/Content/EngineMaterials/DefaultBloomKernel.uasset" 281
"../../../Engine/Content/EngineMaterials/DefaultBokeh.uasset" 282
"../../../Engine/Content/EngineMaterials/DefaultDiffuse.uasset" 283
"../../../Engine/Content/EngineMaterials/DefaultDeferredDecalMaterial.uasset" 284
"../../../Engine/Content/EngineMaterials/DefaultLightFunctionMaterial.uasset" 285
"../../../Engine/Content/Functions/Engine_MaterialFunctions02/Utility/BreakOutFloat2Components.uasset" 286
"../../../Engine/Content/EngineMaterials/DefaultPostProcessMaterial.uasset" 287
"../../../Engine/Content/EngineFonts/RobotoDistanceField.uasset" 288
"../../../Engine/Content/EngineMaterials/DefaultTextMaterialOpaque.uasset" 289
"../../../Engine/Content/EngineMaterials/DefaultWhiteGrid.uasset" 290
"../../../Engine/Content/EngineMaterials/DefaultWhiteGrid_Low.uasset" 291
"../../../Engine/Content/EngineMaterials/EmissiveMeshMaterial.uasset" 292
"../../../Engine/Content/EngineMaterials/GizmoMaterial.uasset" 293
"../../../Engine/Content/EngineMaterials/Good64x64TilingNoiseHighFreq.uasset" 294
"../../../Engine/Content/EngineMaterials/MiniFont.uasset" 295
"../../../Engine/Content/EngineMaterials/InvalidLightmapSettings.uasset" 296
"../../../Engine/Content/EngineMaterials/M_InvalidLightmapSettings.uasset" 297
"../../../Engine/Content/Functions/Engine_MaterialFunctions02/WorldPositionOffset/CameraOffset.uasset" 298
"../../../Engine/Content/EngineMaterials/PhAT_JointLimitMaterial.uasset" 299
"../../../Engine/Content/EngineMaterials/PreintegratedSkinBRDF.uasset" 300
"../../../Engine/Content/EngineMaterials/RemoveSurfaceMaterial.uasset" 301
"../../../Engine/Content/EngineMaterials/WeightMapPlaceholderTexture.uasset" 302
"../../../Engine/Content/EngineResources/WhiteSquareTexture.uasset" 303
"../../../Engine/Content/EngineMaterials/Widget3DPassThrough.uasset" 304
"../../../Engine/Content/EngineMaterials/Widget3DPassThrough_Masked.uasset" 305
"../../../Engine/Content/EngineMaterials/Widget3DPassThrough_Opaque.uasset" 306
"../../../Engine/Content/EngineMaterials/Widget3DPassThrough_Masked_OneSided.uasset" 307
"../../../Engine/Content/EngineMaterials/Widget3DPassThrough_Opaque_OneSided.uasset" 308
"../../../Engine/Content/EngineMaterials/Widget3DPassThrough_Translucent.uasset" 309
"../../../Engine/Content/EngineMaterials/Widget3DPassThrough_Translucent_OneSided.uasset" 310
"../../../Engine/Content/EngineMeshes/Cylinder.uasset" 311
"../../../Engine/Content/EngineResources/Black.uasset" 312
"../../../Engine/Content/EngineResources/DefaultTextureCube.uasset" 313
"../../../Engine/Content/EngineResources/DefaultVolumeTexture2D.uasset" 314
"../../../Engine/Content/EngineResources/DefaultVolumeTexture.uasset" 315
"../../../Engine/Content/EngineResources/GradientTexture0.uasset" 316
"../../../Engine/Content/EngineSky/VolumetricClouds/T_NoiseShape64.uasset" 317
"../../../Engine/Content/EngineSky/VolumetricClouds/T_VolumeNoiseShape64.uasset" 318
"../../../Engine/Content/EngineSky/VolumetricClouds/T_NoiseErosion.uasset" 319
"../../../Engine/Content/EngineSky/VolumetricClouds/T_VolumeNoiseErosion32.uasset" 320
"../../../Engine/Content/EngineSky/VolumetricClouds/CloudWeatherTexture.uasset" 321
"../../../Engine/Content/EngineSky/VolumetricClouds/CloudGradientTexture.uasset" 322
"../../../Engine/Content/Functions/Engine_MaterialFunctions02/Utility/MakeFloat2.uasset" 323
"../../../Engine/Content/EngineSky/VolumetricClouds/m_SimpleVolumetricCloud.uasset" 324
"../../../Engine/Content/EngineSky/VolumetricClouds/m_SimpleVolumetricCloud_Inst.uasset" 325
"../../../Engine/Content/EngineSounds/Master.uasset" 326
"../../../Engine/Content/Functions/Engine_MaterialFunctions01/Shading/PowerToRoughness.uasset" 327
"../../../Engine/Content/Maps/Templates/Thumbnails/Default.uasset" 328
"../../../Engine/Content/Maps/Templates/Thumbnails/TimeOfDay.uasset" 329
"../../../Engine/Content/Maps/Templates/Thumbnails/VR-Basic.uasset" 330
"../../../Engine/Content/MobileResources/T_MobileControls_texture.uasset" 331
"../../../Engine/Content/MobileResources/T_MobileMenu2.uasset" 332
"../../../Engine/Content/MobileResources/HUD/AnalogHat.uasset" 333
"../../../Engine/Content/MobileResources/HUD/VirtualJoystick_Thumb.uasset" 334
"../../../Engine/Content/MobileResources/HUD/VirtualJoystick_Background.uasset" 335
"../../../Engine/Content/MobileResources/HUD/DefaultVirtualJoysticks.uasset" 336
"../../../Engine/Content/MobileResources/HUD/LeftVirtualJoystickOnly.uasset" 337
"../../../Engine/Content/MobileResources/HUD/MobileHUDButton1_off.uasset" 338
"../../../Engine/Content/MobileResources/HUD/MobileHUDButton1_on.uasset" 339
"../../../Engine/Content/MobileResources/HUD/MobileHUDButton2_off.uasset" 340
"../../../Engine/Content/MobileResources/HUD/MobileHUDButton2_on.uasset" 341
"../../../Engine/Content/MobileResources/HUD/MobileHUDButton3.uasset" 342
"../../../Engine/Content/MobileResources/HUD/MobileHUDButtonFire.uasset" 343
"../../../Engine/Content/MobileResources/HUD/MobileHUDDirectionPad.uasset" 344
"../../../Engine/Content/MobileResources/HUD/MobileHUDDirectionPad2.uasset" 345
"../../../Engine/Content/MobileResources/HUD/MobileHUDDirectionPad3.uasset" 346
"../../../Engine/Content/MobileResources/HUD/MobileHUDDirectionStick.uasset" 347
"../../../Engine/Content/MobileResources/HUD/T_Castle_ThumbstickInner.uasset" 348
"../../../Engine/Content/MobileResources/HUD/T_Castle_ThumbstickOutter.uasset" 349
"../../../Engine/Content/Tutorial/ContentIntroCurve.uasset" 350
"../../../Engine/Content/Tutorial/Basics/LevelEditorAttract.uasset" 351
"../../../Engine/Content/VREditor/TransformGizmo/TranslucentTransformGizmoMaterial.uasset" 352
"../../../Engine/Content/VREditor/LaserPointer/VR_LaserPower_01.uasset" 353
"../../../Engine/Content/VREditor/TransformGizmo/TransformGizmoMaterial.uasset" 354
"../../../Engine/Content/VREditor/TransformGizmo/BoundingBoxCorner.uasset" 355
"../../../Engine/Content/VREditor/TransformGizmo/BoundingBoxEdge.uasset" 356
"../../../Engine/Content/VREditor/TransformGizmo/PlaneTranslationHandle.uasset" 357
"../../../Engine/Content/VREditor/TransformGizmo/Xray.uasset" 358
"../../../Engine/Content/VREditor/TransformGizmo/Main.uasset" 359
"../../../Engine/Content/VREditor/TransformGizmo/SM_Sequencer_Key.uasset" 360
"../../../Engine/Content/VREditor/TransformGizmo/SM_Sequencer_Node.uasset" 361
"../../Plugins/2D/Paper2D/Content/PlaceholderTextures/DummySpriteTexture.uasset" 362
"../../Plugins/2D/Paper2D/Content/DummySprite.uasset" 363
"../../Plugins/2D/Paper2D/Content/DefaultPaperTerrainMaterial.uasset" 364
"../../Plugins/2D/Paper2D/Content/DefaultSpriteMaterial.uasset" 365
"../../Plugins/2D/Paper2D/Content/MaskedUnlitSpriteMaterial.uasset" 366
"../../Plugins/2D/Paper2D/Content/OpaqueUnlitSpriteMaterial.uasset" 367
"../../../Engine/Content/Functions/Engine_MaterialFunctions02/Utility/BreakOutFloat3Components.uasset" 368
"../../Plugins/Editor/SpeedTreeImporter/Content/SpeedTree9/UnpackInteger3.uasset" 369
"../../Plugins/Editor/SpeedTreeImporter/Content/SpeedTree9/UnpackDirection.uasset" 370
"../../Plugins/Editor/SpeedTreeImporter/Content/SpeedTree9/game_wind_noise.uasset" 371
"../../../Engine/Content/Functions/Engine_MaterialFunctions02/SafeNormalize.uasset" 372
"../../Plugins/Editor/SpeedTreeImporter/Content/SpeedTree9/SpeedTreeWindMotion.uasset" 373
"../../Plugins/Editor/SpeedTreeImporter/Content/SpeedTree9/SpeedTreeBranchMotion.uasset" 374
"../../../Engine/Content/Functions/Engine_MaterialFunctions02/ObjectLocalBounds.uasset" 375
"../../../Engine/Content/Functions/Engine_MaterialFunctions02/UVs/BoundingBoxBased_0-1_UVW.uasset" 376
"../../Plugins/Editor/SpeedTreeImporter/Content/SpeedTree9/SpeedTreeWind.uasset" 377
"../../Plugins/Editor/SpeedTreeImporter/Content/SpeedTree9/SpeedTreeBillboard.uasset" 378
"../../../Engine/Content/EngineResources/DefaultTexture.uasset" 379
"../../Plugins/Editor/SpeedTreeImporter/Content/SpeedTree9/SpeedTreeBillboardMaster.uasset" 380
"../../Plugins/Editor/SpeedTreeImporter/Content/SpeedTree9/SpeedTreeCameraFacing.uasset" 381
"../../Plugins/Editor/SpeedTreeImporter/Content/SpeedTree9/SpeedTreeMaster.uasset" 382
"../../../Engine/Content/ArtTools/RenderToTexture/Materials/Debug/M_Emissive_Color.uasset" 383
"../../Plugins/Lumin/MagicLeapPassableWorld/Content/MagicLeapARPinInfoActor.uasset" 384
"../../../Engine/Content/Functions/Engine_MaterialFunctions02/Utility/BreakOutFloat4Components.uasset" 385
"../../../Engine/Content/Functions/Engine_MaterialFunctions02/Utility/MakeFloat3.uasset" 386
"../../Plugins/Runtime/Oculus/OculusVR/Content/Materials/OculusMR_ChromaKey.uasset" 387
"../../Plugins/Runtime/Oculus/OculusVR/Content/Materials/OculusMR_OpaqueColoredMaterial.uasset" 388
"../../Plugins/Runtime/Oculus/OculusVR/Content/Materials/PokeAHoleMaterial.uasset" 389
"D:/Unreal-gb/Tankogeddon/Content/CSC/Meshes/CSC_Gun7_PhysicsAsset.uasset" 390
"D:/Unreal-gb/Tankogeddon/Content/CSC/Textures/T_CSC_Gauss_OcclusionRoughnessMetallic.uasset" 391
"D:/Unreal-gb/Tankogeddon/Content/CSC/Textures/T_CSC_Gauss_Normal.uasset" 392
"D:/Unreal-gb/Tankogeddon/Content/CSC/Textures/T_CSC_Gauss_Emissive.uasset" 393
"D:/Unreal-gb/Tankogeddon/Content/CSC/Textures/T_CSC_Gauss_BaseColor.uasset" 394
"D:/Unreal-gb/Tankogeddon/Content/CSC/Materials/M_CSC_GaussGun.uasset" 395
"D:/Unreal-gb/Tankogeddon/Content/CSC/Meshes/CSC_Gun7_Skeleton.uasset" 396
"D:/Unreal-gb/Tankogeddon/Content/CSC/Meshes/SK_CSC_Gun7.uasset" 397
"D:/Unreal-gb/Tankogeddon/Content/CSC/Demo/Sounds/hero_0_fire_4.uasset" 398
"D:/Unreal-gb/Tankogeddon/Content/CSC/Demo/Materials/M_Bullet1.uasset" 399
"D:/Unreal-gb/Tankogeddon/Content/CSC/Demo/Sounds/knock5.uasset" 400
"D:/Unreal-gb/Tankogeddon/Content/CSC/Animations/Anim_CSC_Gun7.uasset" 401
"D:/Unreal-gb/Tankogeddon/Content/CSC/Demo/Blueprints/Parts/BP_Weapon5.uasset" 402
"D:/Unreal-gb/Tankogeddon/Content/CSC/Meshes/CSC_Gun5_PhysicsAsset.uasset" 403
"D:/Unreal-gb/Tankogeddon/Content/CSC/Textures/T_RLV_OcclusionRoughnessMetallic.uasset" 404
"D:/Unreal-gb/Tankogeddon/Content/CSC/Textures/T_RLV_Normal.uasset" 405
"D:/Unreal-gb/Tankogeddon/Content/CSC/Textures/T_RLV_Emissive.uasset" 406
"D:/Unreal-gb/Tankogeddon/Content/CSC/Textures/T_RLV_BaseColor.uasset" 407
"D:/Unreal-gb/Tankogeddon/Content/CSC/Materials/M_RLV.uasset" 408
"D:/Unreal-gb/Tankogeddon/Content/CSC/Meshes/CSC_Gun5_Skeleton.uasset" 409
"D:/Unreal-gb/Tankogeddon/Content/CSC/Meshes/SK_CSC_Gun5.uasset" 410
"D:/Unreal-gb/Tankogeddon/Content/CSC/Demo/Sounds/Rocket.uasset" 411
"D:/Unreal-gb/Tankogeddon/Content/CSC/Animations/Anim_CSC_Gun5.uasset" 412
"D:/Unreal-gb/Tankogeddon/Content/CSC/Demo/Blueprints/Parts/BP_Weapon4.uasset" 413
"D:/Unreal-gb/Tankogeddon/Content/CSC/Meshes/CSC_Gun3_PhysicsAsset.uasset" 414
"D:/Unreal-gb/Tankogeddon/Content/CSC/Meshes/CSC_Gun3_Skeleton.uasset" 415
"D:/Unreal-gb/Tankogeddon/Content/CSC/Meshes/SK_CSC_Gun3.uasset" 416
"D:/Unreal-gb/Tankogeddon/Content/CSC/Demo/Sounds/LaserShot.uasset" 417
"D:/Unreal-gb/Tankogeddon/Content/CSC/Animations/Anim_CSC_Gun3.uasset" 418
"D:/Unreal-gb/Tankogeddon/Content/CSC/Demo/Blueprints/Parts/BP_Weapon3.uasset" 419
"D:/Unreal-gb/Tankogeddon/Content/CSC/Meshes/CSC_Gun2_PhysicsAsset.uasset" 420
"D:/Unreal-gb/Tankogeddon/Content/CSC/Meshes/CSC_Gun2_Skeleton.uasset" 421
"D:/Unreal-gb/Tankogeddon/Content/CSC/Meshes/SK_CSC_Gun2.uasset" 422
"D:/Unreal-gb/Tankogeddon/Content/CSC/Animations/Anim_CSC_Gun2.uasset" 423
"D:/Unreal-gb/Tankogeddon/Content/CSC/Demo/Blueprints/Parts/BP_Weapon2.uasset" 424
"D:/Unreal-gb/Tankogeddon/Content/CSC/Meshes/CSC_Gun1_PhysicsAsset.uasset" 425
"D:/Unreal-gb/Tankogeddon/Content/CSC/Meshes/CSC_Gun1_Skeleton.uasset" 426
"D:/Unreal-gb/Tankogeddon/Content/CSC/Meshes/SK_CSC_Gun1.uasset" 427
"D:/Unreal-gb/Tankogeddon/Content/CSC/Demo/Sounds/hero4_fire_2.uasset" 428
"D:/Unreal-gb/Tankogeddon/Content/CSC/Animations/Anim_CSC_Gun1.uasset" 429
"D:/Unreal-gb/Tankogeddon/Content/CSC/Demo/Blueprints/Parts/BP_Weapon1.uasset" 430
"D:/Unreal-gb/Tankogeddon/Content/CSC/Demo/Sounds/fire_0.uasset" 431
"D:/Unreal-gb/Tankogeddon/Content/CSC/Demo/Blueprints/BP_Cockpit_Data.uasset" 432
"D:/Unreal-gb/Tankogeddon/Content/CSC/Animations/Anim_CSC_Gun6_Fire.uasset" 433
"D:/Unreal-gb/Tankogeddon/Content/CSC/Demo/Blueprints/Parts/BP_Cockpit5.uasset" 434
"D:/Unreal-gb/Tankogeddon/Content/CSC/Meshes/CSC_Head1_Skeleton.uasset" 435
"D:/Unreal-gb/Tankogeddon/Content/CSC/Meshes/CSC_Head1_PhysicsAsset.uasset" 436
"D:/Unreal-gb/Tankogeddon/Content/CSC/Meshes/SK_CSC_Head1.uasset" 437
"D:/Unreal-gb/Tankogeddon/Content/CSC/Meshes/CSC_Device1_Skeleton.uasset" 438
"D:/Unreal-gb/Tankogeddon/Content/CSC/Meshes/CSC_Device1_PhysicsAsset.uasset" 439
"D:/Unreal-gb/Tankogeddon/Content/CSC/Meshes/SK_CSC_Device1.uasset" 440
"D:/Unreal-gb/Tankogeddon/Content/CSC/Meshes/CSC_Body1_Skeleton.uasset" 441
"D:/Unreal-gb/Tankogeddon/Content/CSC/Meshes/CSC_Body1_PhysicsAsset.uasset" 442
"D:/Unreal-gb/Tankogeddon/Content/CSC/Meshes/SK_CSC_Body1.uasset" 443
"D:/Unreal-gb/Tankogeddon/Content/CSC/Demo/Blueprints/Parts/BP_Cockpit4.uasset" 444
"D:/Unreal-gb/Tankogeddon/Content/CSC/Meshes/CSC_Gun4_PhysicsAsset.uasset" 445
"D:/Unreal-gb/Tankogeddon/Content/CSC/Textures/T_LGT_OcclusionRoughnessMetallic.uasset" 446
"D:/Unreal-gb/Tankogeddon/Content/CSC/Textures/T_LGT_Normal.uasset" 447
"D:/Unreal-gb/Tankogeddon/Content/CSC/Textures/T_LGT_Emissive.uasset" 448
"D:/Unreal-gb/Tankogeddon/Content/CSC/Textures/T_LGT_BaseColor.uasset" 449
"D:/Unreal-gb/Tankogeddon/Content/CSC/Materials/M_LGT.uasset" 450
"D:/Unreal-gb/Tankogeddon/Content/CSC/Meshes/CSC_Gun4_Skeleton.uasset" 451
"D:/Unreal-gb/Tankogeddon/Content/CSC/Meshes/SK_CSC_Gun4.uasset" 452
"D:/Unreal-gb/Tankogeddon/Content/CSC/Demo/Sounds/robo11_fire1.uasset" 453
"D:/Unreal-gb/Tankogeddon/Content/CSC/Animations/Anim_CSC_Gun4.uasset" 454
"D:/Unreal-gb/Tankogeddon/Content/CSC/Demo/Blueprints/Parts/BP_Cockpit3.uasset" 455
"D:/Unreal-gb/Tankogeddon/Content/CSC/Meshes/RLV_head_PhysicsAsset.uasset" 456
"D:/Unreal-gb/Tankogeddon/Content/CSC/Meshes/RLV_head_Skeleton.uasset" 457
"D:/Unreal-gb/Tankogeddon/Content/CSC/Meshes/SK_RLV_head.uasset" 458
"D:/Unreal-gb/Tankogeddon/Content/CSC/Demo/Blueprints/Parts/BP_Cockpit2.uasset" 459
"D:/Unreal-gb/Tankogeddon/Content/CSC/Meshes/CSC_Gun0_PhysicsAsset.uasset" 460
"D:/Unreal-gb/Tankogeddon/Content/CSC/Meshes/CSC_Gun0_Skeleton.uasset" 461
"D:/Unreal-gb/Tankogeddon/Content/CSC/Meshes/SK_CSC_Gun0.uasset" 462
"D:/Unreal-gb/Tankogeddon/Content/CSC/Animations/Anim_CSC_Gun0_Fire.uasset" 463
"D:/Unreal-gb/Tankogeddon/Content/CSC/Demo/Blueprints/Parts/BP_Cockpit1.uasset" 464
"D:/Unreal-gb/Tankogeddon/Content/CSC/Demo/Sounds/engine_2.uasset" 465
"D:/Unreal-gb/Tankogeddon/Content/CSC/Demo/Blueprints/Anomations/BP_Anim_Base4.uasset" 466
"D:/Unreal-gb/Tankogeddon/Content/CSC/Demo/Blueprints/Parts/BP_Chassis4.uasset" 467
"D:/Unreal-gb/Tankogeddon/Content/CSC/Meshes/RLV_Base1_PhysicsAsset.uasset" 468
"D:/Unreal-gb/Tankogeddon/Content/CSC/Meshes/RLV_Base1_Skeleton.uasset" 469
"D:/Unreal-gb/Tankogeddon/Content/CSC/Meshes/SK_RLV_Base1.uasset" 470
"D:/Unreal-gb/Tankogeddon/Content/CSC/Animations/Anim_RLV_Dead1.uasset" 471
"D:/Unreal-gb/Tankogeddon/Content/CSC/Animations/Anim_RLV_Dead2.uasset" 472
"D:/Unreal-gb/Tankogeddon/Content/CSC/Animations/Anim_RLV_Dead3.uasset" 473
"D:/Unreal-gb/Tankogeddon/Content/CSC/Animations/Anim_RLV_Idle.uasset" 474
"D:/Unreal-gb/Tankogeddon/Content/CSC/Animations/Anim_RLV_Move.uasset" 475
"D:/Unreal-gb/Tankogeddon/Content/CSC/Demo/Blueprints/Anomations/BP_Anim_Base3.uasset" 476
"D:/Unreal-gb/Tankogeddon/Content/CSC/Demo/Blueprints/Parts/BP_Chassis3.uasset" 477
"D:/Unreal-gb/Tankogeddon/Content/CSC/Demo/Sounds/engine_3.uasset" 478
"D:/Unreal-gb/Tankogeddon/Content/CSC/Meshes/LGT_Base1_Skeleton.uasset" 479
"D:/Unreal-gb/Tankogeddon/Content/CSC/Animations/Anim_LGT_Base1_Move_Forwar.uasset" 480
"D:/Unreal-gb/Tankogeddon/Content/CSC/Animations/Anim_LGT_Base1_Dead3.uasset" 481
"D:/Unreal-gb/Tankogeddon/Content/CSC/Animations/Anim_LGT_Base1_Dead2.uasset" 482
"D:/Unreal-gb/Tankogeddon/Content/CSC/Animations/Anim_LGT_Base1_Dead1.uasset" 483
"D:/Unreal-gb/Tankogeddon/Content/CSC/Animations/Anim_LGT_Base1_Dead4.uasset" 484
"D:/Unreal-gb/Tankogeddon/Content/CSC/Animations/Anim_LGT_Base1_Idle.uasset" 485
"D:/Unreal-gb/Tankogeddon/Content/CSC/Demo/Blueprints/Anomations/BP_Anim_Base2.uasset" 486
"D:/Unreal-gb/Tankogeddon/Content/CSC/Textures/T_LGT_Tracks_OcclusionRoughnessMetallic.uasset" 487
"D:/Unreal-gb/Tankogeddon/Content/CSC/Materials/M_LGT_Tracks.uasset" 488
"D:/Unreal-gb/Tankogeddon/Content/CSC/Meshes/LGT_Base1_PhysicsAsset.uasset" 489
"D:/Unreal-gb/Tankogeddon/Content/CSC/Meshes/SK_LGT_Base1.uasset" 490
"D:/Unreal-gb/Tankogeddon/Content/CSC/Demo/Blueprints/Parts/BP_Chassis2.uasset" 491
"../../../Engine/Content/MapTemplates/SM_Template_Map_Floor.uasset" 492
"../../../Engine/Content/BasicShapes/Cube.uasset" 493
"D:/Unreal-gb/Tankogeddon/Content/CSC/Textures/T_TB1_Floor1_PBR_OcclusionRoughnessMetallic.uasset" 494
"D:/Unreal-gb/Tankogeddon/Content/CSC/Textures/T_TB1_Floor1_PBR_Normal.uasset" 495
"D:/Unreal-gb/Tankogeddon/Content/CSC/Textures/T_TB1_Floor1_PBR_BaseColor.uasset" 496
"D:/Unreal-gb/Tankogeddon/Content/CSC/Materials/M_TB1_Floor.uasset" 497
"D:/Unreal-gb/Tankogeddon/Content/CSC/Textures/tile4.uasset" 498
"D:/Unreal-gb/Tankogeddon/Content/CSC/Textures/tile1.uasset" 499
"D:/Unreal-gb/Tankogeddon/Content/CSC/Materials/M_TB1_Cube.uasset" 500
"D:/Unreal-gb/Tankogeddon/Content/CSC/Materials/M_Select.uasset" 501
"D:/Unreal-gb/Tankogeddon/Content/CSC/Maps/Demo_BuiltData.uasset" 502
"D:/Unreal-gb/Tankogeddon/Content/CSC/Demo/Blueprints/BP_Widget.uasset" 503
"D:/Unreal-gb/Tankogeddon/Content/CSC/Meshes/CSC_Head2_Skeleton.uasset" 504
"D:/Unreal-gb/Tankogeddon/Content/CSC/Meshes/CSC_Head2_PhysicsAsset.uasset" 505
"D:/Unreal-gb/Tankogeddon/Content/CSC/Meshes/SK_CSC_Head2.uasset" 506
"D:/Unreal-gb/Tankogeddon/Content/CSC/Meshes/CSC_Device3_PhysicsAsset.uasset" 507
"D:/Unreal-gb/Tankogeddon/Content/CSC/Meshes/CSC_Device3_Skeleton.uasset" 508
"D:/Unreal-gb/Tankogeddon/Content/CSC/Meshes/SK_CSC_Device3.uasset" 509
"D:/Unreal-gb/Tankogeddon/Content/CSC/Animations/Anim_CSC_Device3.uasset" 510
"D:/Unreal-gb/Tankogeddon/Content/CSC/Demo/Blueprints/BP_Tower.uasset" 511
"D:/Unreal-gb/Tankogeddon/Content/CSC/Maps/Demo.umap" 512
"D:/Unreal-gb/Tankogeddon/Content/CSC/Meshes/CSC_Device2_Skeleton.uasset" 513
"D:/Unreal-gb/Tankogeddon/Content/CSC/Meshes/CSC_Device2_PhysicsAsset.uasset" 514
"D:/Unreal-gb/Tankogeddon/Content/CSC/Meshes/SK_CSC_Device2.uasset" 515
"D:/Unreal-gb/Tankogeddon/Content/CSC/Maps/LevelContent/HDRI/HDRI_Epic_Courtyard_Daylight.uasset" 516
"D:/Unreal-gb/Tankogeddon/Content/CSC/Maps/Overview_BuiltData.uasset" 517
"D:/Unreal-gb/Tankogeddon/Content/CSC/Animations/Anim_RLV_head.uasset" 518
"D:/Unreal-gb/Tankogeddon/Content/CSC/Blueprints/BP_AnimMove_Mesh_LGT_Base1_AnimBlueprint.uasset" 519
"D:/Unreal-gb/Tankogeddon/Content/CSC/Animations/Anim_CSC_Base1_ChangeWheel.uasset" 520
"D:/Unreal-gb/Tankogeddon/Content/CSC/Animations/Anim_CSC_Base1_Fire.uasset" 521
"D:/Unreal-gb/Tankogeddon/Content/CSC/Animations/Anim_CSC_Base1_Turn.uasset" 522
"D:/Unreal-gb/Tankogeddon/Content/CSC/Animations/Anim_CSC_Base1_Strafe.uasset" 523
"D:/Unreal-gb/Tankogeddon/Content/CSC/Maps/Overview.umap" 524
"../../../Engine/Content/EngineSky/T_Sky_Stars.uasset" 525
"../../../Engine/Content/EngineSky/T_Sky_Clouds_M.uasset" 526
"../../../Engine/Content/EngineSky/T_Sky_Blue.uasset" 527
"../../../Engine/Content/EngineSky/M_Sky_Panning_Clouds2.uasset" 528
"../../../Engine/Content/EngineMaterials/DefaultPhysicalMaterial.uasset" 529
"../../../Engine/Content/BufferVisualization/AmbientOcclusion.uasset" 530
"D:/Unreal-gb/Tankogeddon/Content/Levels/TestLevel_BuiltData.uasset" 531
"D:/Unreal-gb/Tankogeddon/Content/Tanks_Blueprints/BP_NEW_TankPawn.uasset" 532
"D:/Unreal-gb/Tankogeddon/Content/Tanks_Blueprints/BP_TankogeddonGameModeBase.uasset" 533
"../../../Engine/Content/MapTemplates/Materials/BasicAsset03.uasset" 534
"../../../Engine/Content/EngineMeshes/Cube.uasset" 535
"D:/Unreal-gb/Tankogeddon/Content/Tanks_Blueprints/BP_AmmunitionBox.uasset" 536
"../../../Engine/Content/EditorMaterials/GridMaterial.uasset" 537
"D:/Unreal-gb/Tankogeddon/Content/StarterContent/Textures/T_Metal_Gold_D.uasset" 538
"D:/Unreal-gb/Tankogeddon/Content/StarterContent/Textures/T_Metal_Gold_N.uasset" 539
"D:/Unreal-gb/Tankogeddon/Content/StarterContent/Materials/M_Metal_Gold.uasset" 540
"D:/Unreal-gb/Tankogeddon/Content/Tanks_Blueprints/BP_LazerCannon1.uasset" 541
"D:/Unreal-gb/Tankogeddon/Content/Tanks_Blueprints/BP_AmmoBox1.uasset" 542
"../../../Engine/Content/EngineDebugMaterials/HeatmapGradient.uasset" 543
"../../../Engine/Content/EngineDebugMaterials/HeatmapMaterial.uasset" 544
"D:/Unreal-gb/Tankogeddon/Content/Tanks_Blueprints/BP_AmmoBox.uasset" 545
"../../../Engine/Content/VREditor/LaserPointer/HoverMaterial.uasset" 546
"../../../Engine/Content/BasicShapes/Cone.uasset" 547
"D:/Unreal-gb/Tankogeddon/Content/StarterContent/Textures/T_Metal_Rust_N.uasset" 548
"D:/Unreal-gb/Tankogeddon/Content/StarterContent/Textures/T_Metal_Rust_D.uasset" 549
"D:/Unreal-gb/Tankogeddon/Content/StarterContent/Materials/M_Metal_Rust.uasset" 550
"D:/Unreal-gb/Tankogeddon/Content/Tanks_Blueprints/BP_Bomb.uasset" 551
"D:/Unreal-gb/Tankogeddon/Content/Tanks_Blueprints/BP_BobmCannon1.uasset" 552
"D:/Unreal-gb/Tankogeddon/Content/Tanks_Blueprints/BP_AmmoBomb.uasset" 553
"../../../Engine/Content/EngineSky/SM_SkySphere.uasset" 554
"../../../Engine/Content/EngineSky/C_Sky_Zenith_Color.uasset" 555
"../../../Engine/Content/EngineSky/C_Sky_Horizon_Color.uasset" 556
"../../../Engine/Content/EngineSky/C_Sky_Cloud_Color.uasset" 557
"../../../Engine/Content/EngineSky/BP_Sky_Sphere.uasset" 558
"../../../Engine/Content/BasicShapes/Cube1.uasset" 559
"D:/Unreal-gb/Tankogeddon/Content/Tanks_Blueprints/BP_TankFactory.uasset" 560
"D:/Unreal-gb/Tankogeddon/Content/StarterContent/Audio/Explosion01.uasset" 561
"D:/Unreal-gb/Tankogeddon/Content/Tanks_Blueprints/BP_NEW_Turret.uasset" 562
"D:/Unreal-gb/Tankogeddon/Content/Levels/TestLevel.umap" 563
"../../../Engine/Content/EditorMeshes/ColorCalibrator/M_GreyBall.uasset" 564
"../../../Engine/Content/EditorMeshes/ColorCalibrator/Color_checker.uasset" 565
"../../../Engine/Content/EditorMeshes/ColorCalibrator/M_ColorGrid.uasset" 566
"../../../Engine/Content/EditorMeshes/ColorCalibrator/M_ClearCoatBlack.uasset" 567
"../../../Engine/Content/EditorMeshes/ColorCalibrator/M_ClearCoat.uasset" 568
"../../../Engine/Content/EditorMeshes/ColorCalibrator/M_ChromeBall.uasset" 569
"../../../Engine/Content/EditorMeshes/ColorCalibrator/SM_ColorCalibrator.uasset" 570
"D:/Unreal-gb/Tankogeddon/Content/StarterContent/Maps/Advanced_Lighting_BuiltData.uasset" 571
"D:/Unreal-gb/Tankogeddon/Content/StarterContent/HDRI/HDRI_Epic_Courtyard_Daylight.uasset" 572
"../../../Engine/Content/MapTemplates/Sky/DaylightAmbientCubemap.uasset" 573
"D:/Unreal-gb/Tankogeddon/Content/StarterContent/Blueprints/Assets/M_LightStage_Skybox_Master.uasset" 574
"D:/Unreal-gb/Tankogeddon/Content/StarterContent/Blueprints/Assets/M_LightStage_Skybox_HDRI.uasset" 575
"D:/Unreal-gb/Tankogeddon/Content/StarterContent/Blueprints/Assets/M_LightStage_Arrows.uasset" 576
"D:/Unreal-gb/Tankogeddon/Content/StarterContent/Blueprints/Assets/SM_Arrows.uasset" 577
"../../../Engine/Content/EditorMaterials/Thumbnails/SkySphereMaterial.uasset" 578
"D:/Unreal-gb/Tankogeddon/Content/StarterContent/Blueprints/Assets/Skybox.uasset" 579
"D:/Unreal-gb/Tankogeddon/Content/StarterContent/Blueprints/Assets/M_LightStage_Skybox_Black.uasset" 580
"D:/Unreal-gb/Tankogeddon/Content/StarterContent/Blueprints/Assets/SunlightColorLUT.uasset" 581
"D:/Unreal-gb/Tankogeddon/Content/StarterContent/Blueprints/Assets/FogBrightnessLUT.uasset" 582
"D:/Unreal-gb/Tankogeddon/Content/StarterContent/Blueprints/BP_LightStudio.uasset" 583
"D:/Unreal-gb/Tankogeddon/Content/StarterContent/Materials/M_AssetPlatform.uasset" 584
"D:/Unreal-gb/Tankogeddon/Content/StarterContent/Architecture/SM_AssetPlatform.uasset" 585
"D:/Unreal-gb/Tankogeddon/Content/StarterContent/Maps/Advanced_Lighting.umap" 586
"D:/Unreal-gb/Tankogeddon/Content/StarterContent/Maps/Minimal_Default_BuiltData.uasset" 587
"D:/Unreal-gb/Tankogeddon/Content/StarterContent/Audio/Starter_Background_Cue.uasset" 588
"D:/Unreal-gb/Tankogeddon/Content/StarterContent/Maps/Minimal_Default.umap" 589
"D:/Unreal-gb/Tankogeddon/Content/StarterContent/Shapes/Shape_Sphere.uasset" 590
"D:/Unreal-gb/Tankogeddon/Content/StarterContent/Shapes/Shape_QuadPyramid.uasset" 591
"D:/Unreal-gb/Tankogeddon/Content/StarterContent/Shapes/Shape_Cube.uasset" 592
"D:/Unreal-gb/Tankogeddon/Content/StarterContent/Textures/T_Frame_N.uasset" 593
"D:/Unreal-gb/Tankogeddon/Content/StarterContent/Textures/T_Frame_M.uasset" 594
"D:/Unreal-gb/Tankogeddon/Content/StarterContent/Props/Materials/M_Frame.uasset" 595
"D:/Unreal-gb/Tankogeddon/Content/StarterContent/Props/SM_WindowFrame.uasset" 596
"D:/Unreal-gb/Tankogeddon/Content/StarterContent/Textures/T_TableRound_N.uasset" 597
"D:/Unreal-gb/Tankogeddon/Content/StarterContent/Textures/T_TableRound_M.uasset" 598
"D:/Unreal-gb/Tankogeddon/Content/StarterContent/Props/Materials/M_TableRound.uasset" 599
"D:/Unreal-gb/Tankogeddon/Content/StarterContent/Props/SM_TableRound.uasset" 600
"D:/Unreal-gb/Tankogeddon/Content/StarterContent/Textures/T_Statue_N.uasset" 601
"D:/Unreal-gb/Tankogeddon/Content/StarterContent/Textures/T_Statue_M.uasset" 602
"D:/Unreal-gb/Tankogeddon/Content/StarterContent/Props/Materials/M_StatueGlass.uasset" 603
"D:/Unreal-gb/Tankogeddon/Content/StarterContent/Props/Materials/M_Statue.uasset" 604
"D:/Unreal-gb/Tankogeddon/Content/StarterContent/Props/SM_Statue.uasset" 605
"D:/Unreal-gb/Tankogeddon/Content/StarterContent/Props/SM_PillarFrame300.uasset" 606
"D:/Unreal-gb/Tankogeddon/Content/StarterContent/Props/SM_PillarFrame.uasset" 607
"D:/Unreal-gb/Tankogeddon/Content/StarterContent/Props/SM_GlassWindow.uasset" 608
"D:/Unreal-gb/Tankogeddon/Content/StarterContent/Props/SM_DoorFrame.uasset" 609
"D:/Unreal-gb/Tankogeddon/Content/StarterContent/Props/SM_CornerFrame.uasset" 610
"D:/Unreal-gb/Tankogeddon/Content/StarterContent/Props/SM_Chair.uasset" 611
"D:/Unreal-gb/Tankogeddon/Content/StarterContent/Props/MaterialSphere.uasset" 612
"D:/Unreal-gb/Tankogeddon/Content/StarterContent/Textures/T_Dust_Particle_D.uasset" 613
"D:/Unreal-gb/Tankogeddon/Content/StarterContent/Particles/Materials/M_Dust_Particle.uasset" 614
"D:/Unreal-gb/Tankogeddon/Content/StarterContent/Particles/P_Ambient_Dust.uasset" 615
"D:/Unreal-gb/Tankogeddon/Content/StarterContent/Textures/T_Wood_Walnut_N.uasset" 616
"D:/Unreal-gb/Tankogeddon/Content/StarterContent/Textures/T_Wood_Walnut_D.uasset" 617
"D:/Unreal-gb/Tankogeddon/Content/StarterContent/Materials/M_Wood_Walnut.uasset" 618
"D:/Unreal-gb/Tankogeddon/Content/StarterContent/Textures/T_Perlin_Noise_M.uasset" 619
"D:/Unreal-gb/Tankogeddon/Content/StarterContent/Textures/T_Wood_Pine_N.uasset" 620
"D:/Unreal-gb/Tankogeddon/Content/StarterContent/Textures/T_Wood_Pine_D.uasset" 621
"D:/Unreal-gb/Tankogeddon/Content/StarterContent/Materials/M_Wood_Pine.uasset" 622
"D:/Unreal-gb/Tankogeddon/Content/StarterContent/Textures/T_Wood_Oak_N.uasset" 623
"D:/Unreal-gb/Tankogeddon/Content/StarterContent/Textures/T_Wood_Oak_D.uasset" 624
"D:/Unreal-gb/Tankogeddon/Content/StarterContent/Materials/M_Wood_Oak.uasset" 625
"../../../Engine/Content/Functions/Engine_MaterialFunctions01/Opacity/AlphaOffset.uasset" 626
"D:/Unreal-gb/Tankogeddon/Content/StarterContent/Textures/T_Wood_Floor_Walnut_N.uasset" 627
"D:/Unreal-gb/Tankogeddon/Content/StarterContent/Textures/T_Wood_Floor_Walnut_M.uasset" 628
"D:/Unreal-gb/Tankogeddon/Content/StarterContent/Textures/T_Wood_Floor_Walnut_D.uasset" 629
"D:/Unreal-gb/Tankogeddon/Content/StarterContent/Materials/M_Wood_Floor_Walnut_Worn.uasset" 630
"D:/Unreal-gb/Tankogeddon/Content/StarterContent/Materials/M_Wood_Floor_Walnut_Polished.uasset" 631
"D:/Unreal-gb/Tankogeddon/Content/StarterContent/Textures/T_Water_M.uasset" 632
"D:/Unreal-gb/Tankogeddon/Content/StarterContent/Textures/T_Water_N.uasset" 633
"D:/Unreal-gb/Tankogeddon/Content/StarterContent/Materials/M_Water_Ocean.uasset" 634
"D:/Unreal-gb/Tankogeddon/Content/StarterContent/Materials/M_Water_Lake.uasset" 635
"D:/Unreal-gb/Tankogeddon/Content/StarterContent/Textures/T_Tech_Panel_N.uasset" 636
"D:/Unreal-gb/Tankogeddon/Content/StarterContent/Textures/T_Tech_Panel_M.uasset" 637
"D:/Unreal-gb/Tankogeddon/Content/StarterContent/Materials/M_Tech_Panel.uasset" 638
"D:/Unreal-gb/Tankogeddon/Content/StarterContent/Textures/T_Tech_Hex_Tile_N.uasset" 639
"D:/Unreal-gb/Tankogeddon/Content/StarterContent/Textures/T_Tech_Hex_Tile_M.uasset" 640
"D:/Unreal-gb/Tankogeddon/Content/StarterContent/Materials/M_Tech_Hex_Tile_Pulse.uasset" 641
"D:/Unreal-gb/Tankogeddon/Content/StarterContent/Materials/M_Tech_Hex_Tile.uasset" 642
"D:/Unreal-gb/Tankogeddon/Content/StarterContent/Textures/T_Tech_Dot_N.uasset" 643
"D:/Unreal-gb/Tankogeddon/Content/StarterContent/Textures/T_Tech_Dot_M.uasset" 644
"D:/Unreal-gb/Tankogeddon/Content/StarterContent/Textures/T_Single_Tile_N.uasset" 645
"D:/Unreal-gb/Tankogeddon/Content/StarterContent/Textures/T_Checker_Noise_M.uasset" 646
"D:/Unreal-gb/Tankogeddon/Content/StarterContent/Materials/M_Tech_Checker_Dot.uasset" 647
"D:/Unreal-gb/Tankogeddon/Content/StarterContent/Textures/T_Rock_Slate_N.uasset" 648
"D:/Unreal-gb/Tankogeddon/Content/StarterContent/Textures/T_Rock_Slate_D.uasset" 649
"D:/Unreal-gb/Tankogeddon/Content/StarterContent/Materials/M_Rock_Slate.uasset" 650
"D:/Unreal-gb/Tankogeddon/Content/StarterContent/Textures/T_Rock_Sandstone_N.uasset" 651
"D:/Unreal-gb/Tankogeddon/Content/StarterContent/Textures/T_Rock_Sandstone_D.uasset" 652
"D:/Unreal-gb/Tankogeddon/Content/StarterContent/Materials/M_Rock_Sandstone.uasset" 653
"D:/Unreal-gb/Tankogeddon/Content/StarterContent/Textures/T_Rock_Marble_Polished_D.uasset" 654
"D:/Unreal-gb/Tankogeddon/Content/StarterContent/Materials/M_Rock_Marble_Polished.uasset" 655
"D:/Unreal-gb/Tankogeddon/Content/StarterContent/Textures/T_Rock_Basalt_N.uasset" 656
"D:/Unreal-gb/Tankogeddon/Content/StarterContent/Materials/M_Rock_Basalt.uasset" 657
"D:/Unreal-gb/Tankogeddon/Content/StarterContent/Textures/T_Metal_Copper_D.uasset" 658
"D:/Unreal-gb/Tankogeddon/Content/StarterContent/Materials/M_Metal_Copper.uasset" 659
"D:/Unreal-gb/Tankogeddon/Content/StarterContent/Materials/M_Metal_Chrome.uasset" 660
"D:/Unreal-gb/Tankogeddon/Content/StarterContent/Textures/T_Metal_Aluminum_D.uasset" 661
"D:/Unreal-gb/Tankogeddon/Content/StarterContent/Materials/M_Metal_Burnished_Steel.uasset" 662
"D:/Unreal-gb/Tankogeddon/Content/StarterContent/Materials/M_Metal_Brushed_Nickel.uasset" 663
"D:/Unreal-gb/Tankogeddon/Content/StarterContent/Textures/T_Ground_Moss_N.uasset" 664
"D:/Unreal-gb/Tankogeddon/Content/StarterContent/Textures/T_ground_Moss_D.uasset" 665
"D:/Unreal-gb/Tankogeddon/Content/StarterContent/Materials/M_Ground_Moss.uasset" 666
"D:/Unreal-gb/Tankogeddon/Content/StarterContent/Textures/T_Ground_Gravel_N.uasset" 667
"D:/Unreal-gb/Tankogeddon/Content/StarterContent/Textures/T_Ground_Gravel_D.uasset" 668
"D:/Unreal-gb/Tankogeddon/Content/StarterContent/Materials/M_Ground_Gravel.uasset" 669
"D:/Unreal-gb/Tankogeddon/Content/StarterContent/Textures/T_Ground_Grass_N.uasset" 670
"D:/Unreal-gb/Tankogeddon/Content/StarterContent/Textures/T_Ground_Grass_D.uasset" 671
"D:/Unreal-gb/Tankogeddon/Content/StarterContent/Materials/M_Ground_Grass.uasset" 672
"D:/Unreal-gb/Tankogeddon/Content/StarterContent/Textures/T_Concrete_Tiles_Variation_M.uasset" 673
"D:/Unreal-gb/Tankogeddon/Content/StarterContent/Textures/T_Concrete_Tiles_N.uasset" 674
"D:/Unreal-gb/Tankogeddon/Content/StarterContent/Textures/T_Concrete_Tiles_M.uasset" 675
"D:/Unreal-gb/Tankogeddon/Content/StarterContent/Textures/T_Concrete_Tiles_D.uasset" 676
"D:/Unreal-gb/Tankogeddon/Content/StarterContent/Materials/M_Concrete_Tiles.uasset" 677
"D:/Unreal-gb/Tankogeddon/Content/StarterContent/Textures/T_Concrete_Panels_N.uasset" 678
"D:/Unreal-gb/Tankogeddon/Content/StarterContent/Textures/T_Concrete_Panels_D.uasset" 679
"D:/Unreal-gb/Tankogeddon/Content/StarterContent/Materials/M_Concrete_Panels.uasset" 680
"D:/Unreal-gb/Tankogeddon/Content/StarterContent/Textures/T_Concrete_Grime_D.uasset" 681
"D:/Unreal-gb/Tankogeddon/Content/StarterContent/Materials/M_Concrete_Grime.uasset" 682
"D:/Unreal-gb/Tankogeddon/Content/StarterContent/Textures/T_CobbleStone_Smooth_N.uasset" 683
"D:/Unreal-gb/Tankogeddon/Content/StarterContent/Textures/T_CobbleStone_Smooth_M.uasset" 684
"D:/Unreal-gb/Tankogeddon/Content/StarterContent/Textures/T_CobbleStone_Smooth_D.uasset" 685
"D:/Unreal-gb/Tankogeddon/Content/StarterContent/Textures/T_Rock_Smooth_Granite_D.uasset" 686
"D:/Unreal-gb/Tankogeddon/Content/StarterContent/Textures/T_Gradinet_01.uasset" 687
"D:/Unreal-gb/Tankogeddon/Content/StarterContent/Materials/M_CobbleStone_Smooth.uasset" 688
"D:/Unreal-gb/Tankogeddon/Content/StarterContent/Textures/T_CobbleStone_Rough_N.uasset" 689
"D:/Unreal-gb/Tankogeddon/Content/StarterContent/Textures/T_CobbleStone_Rough_D.uasset" 690
"D:/Unreal-gb/Tankogeddon/Content/StarterContent/Materials/M_CobbleStone_Rough.uasset" 691
"D:/Unreal-gb/Tankogeddon/Content/StarterContent/Textures/T_CobbleStone_Pebble_N.uasset" 692
"D:/Unreal-gb/Tankogeddon/Content/StarterContent/Textures/T_CobbleStone_Pebble_M.uasset" 693
"D:/Unreal-gb/Tankogeddon/Content/StarterContent/Textures/T_CobbleStone_Pebble_D.uasset" 694
"D:/Unreal-gb/Tankogeddon/Content/StarterContent/Materials/M_CobbleStone_Pebble.uasset" 695
"D:/Unreal-gb/Tankogeddon/Content/StarterContent/Textures/T_Ceramic_Tile_N.uasset" 696
"D:/Unreal-gb/Tankogeddon/Content/StarterContent/Textures/T_Ceramic_Tile_M.uasset" 697
"D:/Unreal-gb/Tankogeddon/Content/StarterContent/Materials/M_Ceramic_Tile_Checker.uasset" 698
"D:/Unreal-gb/Tankogeddon/Content/StarterContent/Textures/T_Brick_Hewn_Stone_N.uasset" 699
"D:/Unreal-gb/Tankogeddon/Content/StarterContent/Textures/T_Brick_Hewn_Stone_M.uasset" 700
"D:/Unreal-gb/Tankogeddon/Content/StarterContent/Textures/T_Brick_Hewn_Stone_D.uasset" 701
"D:/Unreal-gb/Tankogeddon/Content/StarterContent/Materials/M_Brick_Hewn_Stone.uasset" 702
"D:/Unreal-gb/Tankogeddon/Content/StarterContent/Textures/T_Brick_Cut_Stone_N.uasset" 703
"D:/Unreal-gb/Tankogeddon/Content/StarterContent/Textures/T_Brick_Cut_Stone_D.uasset" 704
"D:/Unreal-gb/Tankogeddon/Content/StarterContent/Materials/M_Brick_Cut_Stone.uasset" 705
"D:/Unreal-gb/Tankogeddon/Content/StarterContent/Textures/T_Brick_Clay_Old_N.uasset" 706
"D:/Unreal-gb/Tankogeddon/Content/StarterContent/Textures/T_Brick_Clay_Old_D.uasset" 707
"D:/Unreal-gb/Tankogeddon/Content/StarterContent/Materials/M_Brick_Clay_Old.uasset" 708
"D:/Unreal-gb/Tankogeddon/Content/StarterContent/Textures/T_Brick_Clay_New_N.uasset" 709
"D:/Unreal-gb/Tankogeddon/Content/StarterContent/Textures/T_Brick_Clay_New_M.uasset" 710
"D:/Unreal-gb/Tankogeddon/Content/StarterContent/Textures/T_Brick_Clay_New_D.uasset" 711
"D:/Unreal-gb/Tankogeddon/Content/StarterContent/Materials/M_Brick_Clay_New.uasset" 712
"D:/Unreal-gb/Tankogeddon/Content/StarterContent/Textures/T_Brick_Clay_Beveled_N.uasset" 713
"D:/Unreal-gb/Tankogeddon/Content/StarterContent/Textures/T_Brick_Clay_Beveled_M.uasset" 714
"D:/Unreal-gb/Tankogeddon/Content/StarterContent/Textures/T_Brick_Clay_Beveled_D.uasset" 715
"D:/Unreal-gb/Tankogeddon/Content/StarterContent/Materials/M_Brick_Clay_Beveled.uasset" 716
"../../../Engine/Content/Functions/Engine_MaterialFunctions03/Procedurals/ComputeFilterWidth.uasset" 717
"../../../Engine/Content/EngineMaterials/AntiAliasedTextMaterialTranslucent.uasset" 718
"D:/Unreal-gb/Tankogeddon/Content/StarterContent/Maps/StarterMap_BuiltData.uasset" 719
"D:/Unreal-gb/Tankogeddon/Content/StarterContent/Textures/T_Concrete_Poured_N.uasset" 720
"D:/Unreal-gb/Tankogeddon/Content/StarterContent/Textures/T_Concrete_Poured_D.uasset" 721
"D:/Unreal-gb/Tankogeddon/Content/StarterContent/Materials/M_Concrete_Poured.uasset" 722
"D:/Unreal-gb/Tankogeddon/Content/StarterContent/Textures/T_Lamp_N.uasset" 723
"D:/Unreal-gb/Tankogeddon/Content/StarterContent/Textures/T_Lamp_M.uasset" 724
"D:/Unreal-gb/Tankogeddon/Content/StarterContent/Props/Materials/M_Lamp.uasset" 725
"D:/Unreal-gb/Tankogeddon/Content/StarterContent/Props/SM_Lamp_Wall.uasset" 726
"D:/Unreal-gb/Tankogeddon/Content/StarterContent/Blueprints/Blueprint_WallSconce.uasset" 727
"D:/Unreal-gb/Tankogeddon/Content/StarterContent/Particles/P_Steam_Lit.uasset" 728
"D:/Unreal-gb/Tankogeddon/Content/StarterContent/Audio/Steam01_Cue.uasset" 729
"D:/Unreal-gb/Tankogeddon/Content/StarterContent/Blueprints/Blueprint_Effect_Steam.uasset" 730
"D:/Unreal-gb/Tankogeddon/Content/StarterContent/Textures/T_Spark_Core.uasset" 731
"D:/Unreal-gb/Tankogeddon/Content/StarterContent/Particles/Materials/M_Spark.uasset" 732
"D:/Unreal-gb/Tankogeddon/Content/StarterContent/Particles/Materials/M_Radial_Gradient.uasset" 733
"D:/Unreal-gb/Tankogeddon/Content/StarterContent/Particles/P_Sparks.uasset" 734
"D:/Unreal-gb/Tankogeddon/Content/StarterContent/Audio/Fire_Sparks01_Cue.uasset" 735
"D:/Unreal-gb/Tankogeddon/Content/StarterContent/Blueprints/Blueprint_Effect_Sparks.uasset" 736
"D:/Unreal-gb/Tankogeddon/Content/StarterContent/Particles/P_Smoke.uasset" 737
"D:/Unreal-gb/Tankogeddon/Content/StarterContent/Audio/Smoke01_Cue.uasset" 738
"D:/Unreal-gb/Tankogeddon/Content/StarterContent/Blueprints/Blueprint_Effect_Smoke.uasset" 739
"D:/Unreal-gb/Tankogeddon/Content/StarterContent/Particles/Materials/M_Heat_Distortion.uasset" 740
"D:/Unreal-gb/Tankogeddon/Content/StarterContent/Textures/T_Fire_Tiled_D.uasset" 741
"D:/Unreal-gb/Tankogeddon/Content/StarterContent/Textures/T_Fire_SubUV.uasset" 742
"D:/Unreal-gb/Tankogeddon/Content/StarterContent/Particles/Materials/M_Fire_SubUV.uasset" 743
"D:/Unreal-gb/Tankogeddon/Content/StarterContent/Particles/P_Fire.uasset" 744
"D:/Unreal-gb/Tankogeddon/Content/StarterContent/Audio/Fire01_Cue.uasset" 745
"D:/Unreal-gb/Tankogeddon/Content/StarterContent/Blueprints/Blueprint_Effect_Fire.uasset" 746
"D:/Unreal-gb/Tankogeddon/Content/StarterContent/Props/SM_Lamp_Ceiling.uasset" 747
"D:/Unreal-gb/Tankogeddon/Content/StarterContent/Blueprints/Blueprint_CeilingLight.uasset" 748
"D:/Unreal-gb/Tankogeddon/Content/StarterContent/Audio/Starter_Music_Cue.uasset" 749
"D:/Unreal-gb/Tankogeddon/Content/StarterContent/Audio/Collapse_Cue.uasset" 750
"D:/Unreal-gb/Tankogeddon/Content/StarterContent/Architecture/Wall_Window_400x300.uasset" 751
"D:/Unreal-gb/Tankogeddon/Content/StarterContent/Architecture/Wall_Door_400x300.uasset" 752
"D:/Unreal-gb/Tankogeddon/Content/StarterContent/Architecture/Wall_400x200.uasset" 753
"D:/Unreal-gb/Tankogeddon/Content/StarterContent/Architecture/Floor_400x400.uasset" 754
"D:/Unreal-gb/Tankogeddon/Content/StarterContent/Maps/StarterMap.umap" 755
"../../../Engine/Content/Maps/Entry_BuiltData.uasset" 756
"../../../Engine/Content/Maps/Entry.umap" 757
